<?xml version="1.0" encoding="UTF-8"?>
<!-- Generated by org.testng.reporters.JUnitReportReporter -->
<testsuite skipped="0" hostname="DESKTOP-B2H6JUI" name="com.testmavenjenkins.testBuild.GoogleTitleTest" tests="1" failures="0" timestamp="2019-12-14T17:12:23 IST" time="8.857" errors="0">
  <testcase name="verifyGoogleTitle" time="8.857" classname="com.testmavenjenkins.testBuild.GoogleTitleTest"/>
</testsuite> <!-- com.testmavenjenkins.testBuild.GoogleTitleTest -->
